<?xml version="1.0" encoding="UTF-8"?>
<!-- Generated by org.testng.reporters.JUnitReportReporter -->
<testsuite skipped="0" hostname="LAPTOP-MEU4Q386" name="com.startAPI.ResponseValidation" tests="1" failures="0" timestamp="03 Mar 2020 22:14:53 GMT" time="3.253" errors="0">
  <testcase name="start2" time="3.253" classname="com.startAPI.ResponseValidation"/>
</testsuite> <!-- com.startAPI.ResponseValidation -->
