<?xml version="1.0" encoding="UTF-8"?>
<!-- Generated by org.testng.reporters.JUnitReportReporter -->
<testsuite skipped="0" hostname="LAPTOP-MEU4Q386" name="com.http.methods.GetExample" tests="1" failures="0" timestamp="03 Apr 2020 17:59:05 GMT" time="2.611" errors="0">
  <testcase name="test1" time="2.611" classname="com.http.methods.GetExample"/>
</testsuite> <!-- com.http.methods.GetExample -->
